<?xml version="1.0" encoding="UTF-8"?>
<testng-results ignored="0" total="8" passed="8" failed="0" skipped="0">
  <reporter-output>
  </reporter-output>
  <suite started-at="2024-11-13T16:04:46 PST" name="CuraHealthCare Automation Test Suite" finished-at="2024-11-13T16:05:05 PST" duration-ms="19787">
    <groups>
    </groups>
    <test started-at="2024-11-13T16:04:46 PST" name="Test  cases" finished-at="2024-11-13T16:05:05 PST" duration-ms="19787">
      <class name="com.Cura.qa.testcases.MakeAppointmentTest">
        <test-method is-config="true" signature="setUp()[pri:0, instance:com.Cura.qa.testcases.MakeAppointmentTest@3e6ef8ad]" started-at="2024-11-13T16:04:54 PST" name="setUp" finished-at="2024-11-13T16:04:57 PST" duration-ms="2066" status="PASS">
          <reporter-output>
          </reporter-output>
        </test-method> <!-- setUp -->
        <test-method signature="verifyMakeAppointment()[pri:0, instance:com.Cura.qa.testcases.MakeAppointmentTest@3e6ef8ad]" started-at="2024-11-13T16:04:57 PST" name="verifyMakeAppointment" finished-at="2024-11-13T16:04:57 PST" duration-ms="330" status="PASS">
          <reporter-output>
          </reporter-output>
        </test-method> <!-- verifyMakeAppointment -->
        <test-method is-config="true" signature="tearDown()[pri:0, instance:com.Cura.qa.testcases.MakeAppointmentTest@3e6ef8ad]" started-at="2024-11-13T16:04:57 PST" name="tearDown" finished-at="2024-11-13T16:04:57 PST" duration-ms="85" status="PASS">
          <reporter-output>
          </reporter-output>
        </test-method> <!-- tearDown -->
      </class> <!-- com.Cura.qa.testcases.MakeAppointmentTest -->
      <class name="com.Cura.qa.testcases.HistoryTest">
        <test-method is-config="true" signature="setUp()[pri:0, instance:com.Cura.qa.testcases.HistoryTest@346d61be]" started-at="2024-11-13T16:04:57 PST" name="setUp" finished-at="2024-11-13T16:04:59 PST" duration-ms="2485" status="PASS">
          <reporter-output>
          </reporter-output>
        </test-method> <!-- setUp -->
        <test-method signature="verifyHistoryTitleIsDisplayed()[pri:1, instance:com.Cura.qa.testcases.HistoryTest@346d61be]" started-at="2024-11-13T16:04:59 PST" name="verifyHistoryTitleIsDisplayed" finished-at="2024-11-13T16:04:59 PST" duration-ms="22" status="PASS">
          <reporter-output>
          </reporter-output>
        </test-method> <!-- verifyHistoryTitleIsDisplayed -->
        <test-method signature="verifyAppointmentDetailsInHistory()[pri:2, instance:com.Cura.qa.testcases.HistoryTest@346d61be]" started-at="2024-11-13T16:04:59 PST" name="verifyAppointmentDetailsInHistory" finished-at="2024-11-13T16:04:59 PST" duration-ms="35" status="PASS">
          <reporter-output>
          </reporter-output>
        </test-method> <!-- verifyAppointmentDetailsInHistory -->
        <test-method is-config="true" signature="tearDown()[pri:0, instance:com.Cura.qa.testcases.HistoryTest@346d61be]" started-at="2024-11-13T16:04:59 PST" name="tearDown" finished-at="2024-11-13T16:05:00 PST" duration-ms="85" status="PASS">
          <reporter-output>
          </reporter-output>
        </test-method> <!-- tearDown -->
      </class> <!-- com.Cura.qa.testcases.HistoryTest -->
      <class name="com.Cura.qa.testcases.HomeTest">
        <test-method is-config="true" signature="setup()[pri:0, instance:com.Cura.qa.testcases.HomeTest@5f16132a]" started-at="2024-11-13T16:04:46 PST" name="setup" finished-at="2024-11-13T16:04:48 PST" duration-ms="1844" status="PASS">
          <reporter-output>
          </reporter-output>
        </test-method> <!-- setup -->
        <test-method signature="verifyRedirectingHomePageTest()[pri:0, instance:com.Cura.qa.testcases.HomeTest@5f16132a]" started-at="2024-11-13T16:04:48 PST" name="verifyRedirectingHomePageTest" finished-at="2024-11-13T16:04:48 PST" duration-ms="224" status="PASS">
          <reporter-output>
          </reporter-output>
        </test-method> <!-- verifyRedirectingHomePageTest -->
        <test-method is-config="true" signature="tearDown()[pri:0, instance:com.Cura.qa.testcases.HomeTest@5f16132a]" started-at="2024-11-13T16:04:48 PST" name="tearDown" finished-at="2024-11-13T16:04:48 PST" duration-ms="83" status="PASS">
          <reporter-output>
          </reporter-output>
        </test-method> <!-- tearDown -->
      </class> <!-- com.Cura.qa.testcases.HomeTest -->
      <class name="com.Cura.qa.testcases.LogoutTest">
        <test-method is-config="true" signature="setUp()[pri:0, instance:com.Cura.qa.testcases.LogoutTest@55536d9e]" started-at="2024-11-13T16:05:00 PST" name="setUp" finished-at="2024-11-13T16:05:05 PST" duration-ms="5472" status="PASS">
          <reporter-output>
          </reporter-output>
        </test-method> <!-- setUp -->
        <test-method signature="verifyLogoutSuccess()[pri:0, instance:com.Cura.qa.testcases.LogoutTest@55536d9e]" started-at="2024-11-13T16:05:05 PST" name="verifyLogoutSuccess" finished-at="2024-11-13T16:05:05 PST" duration-ms="288" status="PASS">
          <reporter-output>
          </reporter-output>
        </test-method> <!-- verifyLogoutSuccess -->
        <test-method is-config="true" signature="tearDown()[pri:0, instance:com.Cura.qa.testcases.LogoutTest@55536d9e]" started-at="2024-11-13T16:05:05 PST" name="tearDown" finished-at="2024-11-13T16:05:05 PST" duration-ms="81" status="PASS">
          <reporter-output>
          </reporter-output>
        </test-method> <!-- tearDown -->
      </class> <!-- com.Cura.qa.testcases.LogoutTest -->
      <class name="com.Cura.qa.testcases.LoginTest">
        <test-method is-config="true" signature="setUp()[pri:0, instance:com.Cura.qa.testcases.LoginTest@59af0466]" started-at="2024-11-13T16:04:48 PST" name="setUp" finished-at="2024-11-13T16:04:50 PST" duration-ms="1797" status="PASS">
          <reporter-output>
          </reporter-output>
        </test-method> <!-- setUp -->
        <test-method signature="verifyLoginWithValidCredentials()[pri:1, instance:com.Cura.qa.testcases.LoginTest@59af0466]" started-at="2024-11-13T16:04:50 PST" name="verifyLoginWithValidCredentials" finished-at="2024-11-13T16:04:50 PST" duration-ms="317" status="PASS">
          <reporter-output>
          </reporter-output>
        </test-method> <!-- verifyLoginWithValidCredentials -->
        <test-method is-config="true" signature="tearDown()[pri:0, instance:com.Cura.qa.testcases.LoginTest@59af0466]" started-at="2024-11-13T16:04:50 PST" name="tearDown" finished-at="2024-11-13T16:04:50 PST" duration-ms="80" status="PASS">
          <reporter-output>
          </reporter-output>
        </test-method> <!-- tearDown -->
        <test-method is-config="true" signature="setUp()[pri:0, instance:com.Cura.qa.testcases.LoginTest@59af0466]" started-at="2024-11-13T16:04:50 PST" name="setUp" finished-at="2024-11-13T16:04:52 PST" duration-ms="1806" status="PASS">
          <reporter-output>
          </reporter-output>
        </test-method> <!-- setUp -->
        <test-method signature="verifyLoginWithValidUserNameAndInvalidPassword()[pri:2, instance:com.Cura.qa.testcases.LoginTest@59af0466]" started-at="2024-11-13T16:04:52 PST" name="verifyLoginWithValidUserNameAndInvalidPassword" finished-at="2024-11-13T16:04:52 PST" duration-ms="301" status="PASS">
          <reporter-output>
          </reporter-output>
        </test-method> <!-- verifyLoginWithValidUserNameAndInvalidPassword -->
        <test-method is-config="true" signature="tearDown()[pri:0, instance:com.Cura.qa.testcases.LoginTest@59af0466]" started-at="2024-11-13T16:04:52 PST" name="tearDown" finished-at="2024-11-13T16:04:52 PST" duration-ms="85" status="PASS">
          <reporter-output>
          </reporter-output>
        </test-method> <!-- tearDown -->
        <test-method is-config="true" signature="setUp()[pri:0, instance:com.Cura.qa.testcases.LoginTest@59af0466]" started-at="2024-11-13T16:04:52 PST" name="setUp" finished-at="2024-11-13T16:04:54 PST" duration-ms="1753" status="PASS">
          <reporter-output>
          </reporter-output>
        </test-method> <!-- setUp -->
        <test-method signature="verifyLoginWithInvalidUserNameAndValidPassword()[pri:3, instance:com.Cura.qa.testcases.LoginTest@59af0466]" started-at="2024-11-13T16:04:54 PST" name="verifyLoginWithInvalidUserNameAndValidPassword" finished-at="2024-11-13T16:04:54 PST" duration-ms="311" status="PASS">
          <reporter-output>
          </reporter-output>
        </test-method> <!-- verifyLoginWithInvalidUserNameAndValidPassword -->
        <test-method is-config="true" signature="tearDown()[pri:0, instance:com.Cura.qa.testcases.LoginTest@59af0466]" started-at="2024-11-13T16:04:54 PST" name="tearDown" finished-at="2024-11-13T16:04:54 PST" duration-ms="82" status="PASS">
          <reporter-output>
          </reporter-output>
        </test-method> <!-- tearDown -->
      </class> <!-- com.Cura.qa.testcases.LoginTest -->
    </test> <!-- Test  cases -->
  </suite> <!-- CuraHealthCare Automation Test Suite -->
</testng-results>
